<?xml version="1.0" encoding="UTF-8"?>
<!-- Generated by org.testng.reporters.JUnitReportReporter -->
<testsuite skipped="0" hostname="SYS0091" name="com.bullhorn.qa.testscripts.LoginPageTest" tests="1" failures="0" timestamp="08 Aug 2018 14:57:49 GMT" time="18.495" errors="0">
  <testcase name="loginTest" time="18.495" classname="com.bullhorn.qa.testscripts.LoginPageTest"/>
</testsuite> <!-- com.bullhorn.qa.testscripts.LoginPageTest -->
