<?xml version="1.0" encoding="UTF-8"?>
<!-- Generated by org.testng.reporters.JUnitReportReporter -->
<testsuite skipped="0" hostname="SYS0091" name="com.bullhorn.qa.testscripts.LoginPageTest" tests="2" failures="0" timestamp="09 Aug 2018 14:20:12 GMT" time="30.981" errors="0">
  <testcase name="loginTitleTest" time="11.395" classname="com.bullhorn.qa.testscripts.LoginPageTest"/>
  <testcase name="loginTest" time="19.586" classname="com.bullhorn.qa.testscripts.LoginPageTest"/>
</testsuite> <!-- com.bullhorn.qa.testscripts.LoginPageTest -->
