<?xml version="1.0" encoding="UTF-8"?>
<!-- Generated by org.testng.reporters.JUnitReportReporter -->
<testsuite skipped="0" hostname="SYS0091" name="com.bullhorn.qa.testscripts.HomePageTest" tests="1" failures="0" timestamp="09 Aug 2018 14:20:12 GMT" time="54.425" errors="0">
  <testcase name="clickFastAddTest" time="54.425" classname="com.bullhorn.qa.testscripts.HomePageTest"/>
</testsuite> <!-- com.bullhorn.qa.testscripts.HomePageTest -->
